#
# There is insufficient memory for the Java Runtime Environment to continue.
# Native memory allocation (malloc) failed to allocate 1908912 bytes. Error detail: Chunk::new
# Possible reasons:
#   The system is out of physical RAM or swap space
#   This process is running with CompressedOops enabled, and the Java Heap may be blocking the growth of the native heap
# Possible solutions:
#   Reduce memory load on the system
#   Increase physical memory or swap space
#   Check if swap backing store is full
#   Decrease Java heap size (-Xmx/-Xms)
#   Decrease number of Java threads
#   Decrease Java thread stack sizes (-Xss)
#   Set larger code cache with -XX:ReservedCodeCacheSize=
#   JVM is running with Unscaled Compressed Oops mode in which the Java heap is
#     placed in the first 4GB address space. The Java Heap base address is the
#     maximum limit for the native heap growth. Please use -XX:HeapBaseMinAddress
#     to set the Java Heap base and to place the Java Heap above 4GB virtual address.
# This output file may be truncated or incomplete.
#
#  Out of Memory Error (arena.cpp:168), pid=25092, tid=32300
#
# JRE version: OpenJDK Runtime Environment (21.0.6) (build 21.0.6+-13368085-b895.109)
# Java VM: OpenJDK 64-Bit Server VM (21.0.6+-13368085-b895.109, mixed mode, tiered, compressed oops, compressed class ptrs, g1 gc, windows-amd64)
# No core dump will be written. Minidumps are not enabled by default on client versions of Windows
#

---------------  S U M M A R Y ------------

Command Line: --add-opens=java.base/java.lang=ALL-UNNAMED --add-opens=java.base/java.lang.invoke=ALL-UNNAMED --add-opens=java.base/java.util=ALL-UNNAMED --add-opens=java.prefs/java.util.prefs=ALL-UNNAMED --add-exports=jdk.compiler/com.sun.tools.javac.api=ALL-UNNAMED --add-exports=jdk.compiler/com.sun.tools.javac.util=ALL-UNNAMED --add-opens=java.base/java.util=ALL-UNNAMED --add-opens=java.prefs/java.util.prefs=ALL-UNNAMED --add-opens=java.base/java.nio.charset=ALL-UNNAMED --add-opens=java.base/java.net=ALL-UNNAMED --add-opens=java.base/java.util.concurrent.atomic=ALL-UNNAMED --add-opens=java.xml/javax.xml.namespace=ALL-UNNAMED -Xmx2048m -Dfile.encoding=UTF-8 -Duser.country=CN -Duser.language=zh -Duser.variant -javaagent:C:\Users\lilili\.gradle\wrapper\dists\gradle-8.11.1-bin\bpt9gzteqjrbo1mjrsomdt32c\gradle-8.11.1\lib\agents\gradle-instrumentation-agent-8.11.1.jar org.gradle.launcher.daemon.bootstrap.GradleDaemon 8.11.1

Host: 12th Gen Intel(R) Core(TM) i7-12700H, 20 cores, 15G,  Windows 11 , 64 bit Build 26100 (10.0.26100.8115)
Time: Tue Apr 14 09:12:01 2026  Windows 11 , 64 bit Build 26100 (10.0.26100.8115) elapsed time: 4.795491 seconds (0d 0h 0m 4s)

---------------  T H R E A D  ---------------

Current thread (0x000001f642c58860):  JavaThread "C2 CompilerThread3" daemon [_thread_in_native, id=32300, stack(0x0000007631d00000,0x0000007631e00000) (1024K)]


Current CompileTask:
C2:4795 4502       4       java.net.URLClassLoader$1::run (5 bytes)

Stack: [0x0000007631d00000,0x0000007631e00000]
Native frames: (J=compiled Java code, j=interpreted, Vv=VM code, C=native code)
V  [jvm.dll+0x6d0639]
V  [jvm.dll+0x85eb03]
V  [jvm.dll+0x86105e]
V  [jvm.dll+0x861743]
V  [jvm.dll+0x27e6e6]
V  [jvm.dll+0xbff6d]
V  [jvm.dll+0xc04a3]
V  [jvm.dll+0x3b61ab]
V  [jvm.dll+0x3820c7]
V  [jvm.dll+0x38153a]
V  [jvm.dll+0x247c82]
V  [jvm.dll+0x247251]
V  [jvm.dll+0x1c5f04]
V  [jvm.dll+0x2569ac]
V  [jvm.dll+0x254ef6]
V  [jvm.dll+0x3f0e96]
V  [jvm.dll+0x806ed8]
V  [jvm.dll+0x6cef0d]
C  [ucrtbase.dll+0x37b0]
C  [KERNEL32.DLL+0x2e8d7]
C  [ntdll.dll+0x8c3fc]


---------------  P R O C E S S  ---------------

Threads class SMR info:
_java_thread_list=0x000001f6444c71c0, length=40, elements={
0x000001f620bdf530, 0x000001f63945b5c0, 0x000001f63940de20, 0x000001f6394103f0,
0x000001f639443980, 0x000001f639445800, 0x000001f639445e60, 0x000001f639447f90,
0x000001f639448a20, 0x000001f6395f4080, 0x000001f639603290, 0x000001f6396259f0,
0x000001f6396324c0, 0x000001f63e092460, 0x000001f63e1871a0, 0x000001f63f9f2c00,
0x000001f63fc37790, 0x000001f63fd57c80, 0x000001f63fb74f40, 0x000001f63fd659b0,
0x000001f63fd66010, 0x000001f63fd20840, 0x000001f63fd35720, 0x000001f63fcf5400,
0x000001f63fcf14b0, 0x000001f63fcf1b40, 0x000001f63fcefa70, 0x000001f63fcf21d0,
0x000001f63fcf0790, 0x000001f63fcf2860, 0x000001f63fcf0100, 0x000001f63fcef3e0,
0x000001f63fcf0e20, 0x000001f64018f7b0, 0x000001f64018fe40, 0x000001f64018ea90,
0x000001f64018dd70, 0x000001f642c58860, 0x000001f640b05430, 0x000001f64018f120
}

Java Threads: ( => current thread )
  0x000001f620bdf530 JavaThread "main"                              [_thread_blocked, id=23524, stack(0x000000762e700000,0x000000762e800000) (1024K)]
  0x000001f63945b5c0 JavaThread "Reference Handler"          daemon [_thread_blocked, id=19380, stack(0x000000762ef00000,0x000000762f000000) (1024K)]
  0x000001f63940de20 JavaThread "Finalizer"                  daemon [_thread_blocked, id=18768, stack(0x000000762f000000,0x000000762f100000) (1024K)]
  0x000001f6394103f0 JavaThread "Signal Dispatcher"          daemon [_thread_blocked, id=23704, stack(0x000000762f100000,0x000000762f200000) (1024K)]
  0x000001f639443980 JavaThread "Attach Listener"            daemon [_thread_blocked, id=1840, stack(0x000000762f200000,0x000000762f300000) (1024K)]
  0x000001f639445800 JavaThread "Service Thread"             daemon [_thread_blocked, id=27320, stack(0x000000762f300000,0x000000762f400000) (1024K)]
  0x000001f639445e60 JavaThread "Monitor Deflation Thread"   daemon [_thread_blocked, id=1612, stack(0x000000762f400000,0x000000762f500000) (1024K)]
  0x000001f639447f90 JavaThread "C2 CompilerThread0"         daemon [_thread_in_native, id=30716, stack(0x000000762f500000,0x000000762f600000) (1024K)]
  0x000001f639448a20 JavaThread "C1 CompilerThread0"         daemon [_thread_blocked, id=29324, stack(0x000000762f600000,0x000000762f700000) (1024K)]
  0x000001f6395f4080 JavaThread "Common-Cleaner"             daemon [_thread_blocked, id=28924, stack(0x000000762f700000,0x000000762f800000) (1024K)]
  0x000001f639603290 JavaThread "C1 CompilerThread1"         daemon [_thread_blocked, id=6272, stack(0x000000762f800000,0x000000762f900000) (1024K)]
  0x000001f6396259f0 JavaThread "C1 CompilerThread2"         daemon [_thread_blocked, id=9532, stack(0x000000762f900000,0x000000762fa00000) (1024K)]
  0x000001f6396324c0 JavaThread "C1 CompilerThread3"         daemon [_thread_blocked, id=22128, stack(0x000000762fa00000,0x000000762fb00000) (1024K)]
  0x000001f63e092460 JavaThread "Notification Thread"        daemon [_thread_blocked, id=5212, stack(0x000000762fb00000,0x000000762fc00000) (1024K)]
  0x000001f63e1871a0 JavaThread "C2 CompilerThread1"         daemon [_thread_blocked, id=21048, stack(0x000000762fc00000,0x000000762fd00000) (1024K)]
  0x000001f63f9f2c00 JavaThread "Daemon health stats"               [_thread_blocked, id=7060, stack(0x0000007630500000,0x0000007630600000) (1024K)]
  0x000001f63fc37790 JavaThread "Incoming local TCP Connector on port 56653"        [_thread_in_native, id=27172, stack(0x0000007630600000,0x0000007630700000) (1024K)]
  0x000001f63fd57c80 JavaThread "C2 CompilerThread2"         daemon [_thread_blocked, id=25528, stack(0x0000007630700000,0x0000007630800000) (1024K)]
  0x000001f63fb74f40 JavaThread "Daemon periodic checks"            [_thread_blocked, id=25688, stack(0x0000007630800000,0x0000007630900000) (1024K)]
  0x000001f63fd659b0 JavaThread "Daemon"                            [_thread_blocked, id=16916, stack(0x0000007630900000,0x0000007630a00000) (1024K)]
  0x000001f63fd66010 JavaThread "Handler for socket connection from /127.0.0.1:56653 to /127.0.0.1:56654"        [_thread_in_native, id=28860, stack(0x0000007630a00000,0x0000007630b00000) (1024K)]
  0x000001f63fd20840 JavaThread "Cancel handler"                    [_thread_blocked, id=17956, stack(0x0000007630b00000,0x0000007630c00000) (1024K)]
  0x000001f63fd35720 JavaThread "Daemon worker"                     [_thread_blocked, id=25576, stack(0x0000007630c00000,0x0000007630d00000) (1024K)]
  0x000001f63fcf5400 JavaThread "Asynchronous log dispatcher for DefaultDaemonConnection: socket connection from /127.0.0.1:56653 to /127.0.0.1:56654"        [_thread_blocked, id=2844, stack(0x0000007630d00000,0x0000007630e00000) (1024K)]
  0x000001f63fcf14b0 JavaThread "Stdin handler"                     [_thread_blocked, id=25840, stack(0x0000007630e00000,0x0000007630f00000) (1024K)]
  0x000001f63fcf1b40 JavaThread "Daemon client event forwarder"        [_thread_blocked, id=19868, stack(0x0000007630f00000,0x0000007631000000) (1024K)]
  0x000001f63fcefa70 JavaThread "Cache worker for journal cache (C:\Users\lilili\.gradle\caches\journal-1)"        [_thread_blocked, id=4968, stack(0x0000007631900000,0x0000007631a00000) (1024K)]
  0x000001f63fcf21d0 JavaThread "File lock request listener"        [_thread_in_native, id=22908, stack(0x0000007631a00000,0x0000007631b00000) (1024K)]
  0x000001f63fcf0790 JavaThread "Cache worker for file hash cache (C:\Users\lilili\.gradle\caches\8.11.1\fileHashes)"        [_thread_blocked, id=3976, stack(0x0000007631b00000,0x0000007631c00000) (1024K)]
  0x000001f63fcf2860 JavaThread "Cache worker for file content cache (C:\Users\lilili\.gradle\caches\8.11.1\fileContent)"        [_thread_blocked, id=3112, stack(0x0000007631c00000,0x0000007631d00000) (1024K)]
  0x000001f63fcf0100 JavaThread "Cache worker for file hash cache (D:\biancheng\AndroidProject\WanAndroid_MVVM\.gradle\8.11.1\fileHashes)"        [_thread_blocked, id=19936, stack(0x0000007631e00000,0x0000007631f00000) (1024K)]
  0x000001f63fcef3e0 JavaThread "Cache worker for Build Output Cleanup Cache (D:\biancheng\AndroidProject\WanAndroid_MVVM\.gradle\buildOutputCleanup)"        [_thread_blocked, id=13416, stack(0x0000007631f00000,0x0000007632000000) (1024K)]
  0x000001f63fcf0e20 JavaThread "File watcher server"        daemon [_thread_in_native, id=32336, stack(0x0000007632000000,0x0000007632100000) (1024K)]
  0x000001f64018f7b0 JavaThread "File watcher consumer"      daemon [_thread_blocked, id=27296, stack(0x0000007632100000,0x0000007632200000) (1024K)]
  0x000001f64018fe40 JavaThread "Cache worker for checksums cache (D:\biancheng\AndroidProject\WanAndroid_MVVM\.gradle\8.11.1\checksums)"        [_thread_blocked, id=18208, stack(0x0000007632200000,0x0000007632300000) (1024K)]
  0x000001f64018ea90 JavaThread "Cache worker for cache directory md-rule (C:\Users\lilili\.gradle\caches\8.11.1\md-rule)"        [_thread_blocked, id=4952, stack(0x0000007632300000,0x0000007632400000) (1024K)]
  0x000001f64018dd70 JavaThread "Cache worker for cache directory md-supplier (C:\Users\lilili\.gradle\caches\8.11.1\md-supplier)"        [_thread_blocked, id=26120, stack(0x0000007632400000,0x0000007632500000) (1024K)]
=>0x000001f642c58860 JavaThread "C2 CompilerThread3"         daemon [_thread_in_native, id=32300, stack(0x0000007631d00000,0x0000007631e00000) (1024K)]
  0x000001f640b05430 JavaThread "C2 CompilerThread4"         daemon [_thread_in_native, id=27248, stack(0x0000007632500000,0x0000007632600000) (1024K)]
  0x000001f64018f120 JavaThread "jar transforms"                    [_thread_blocked, id=31536, stack(0x0000007632600000,0x0000007632700000) (1024K)]
Total: 40

Other Threads:
  0x000001f639391260 VMThread "VM Thread"                           [id=21288, stack(0x000000762ee00000,0x000000762ef00000) (1024K)]
  0x000001f6393719e0 WatcherThread "VM Periodic Task Thread"        [id=15956, stack(0x000000762ed00000,0x000000762ee00000) (1024K)]
  0x000001f620c3a750 WorkerThread "GC Thread#0"                     [id=11224, stack(0x000000762e800000,0x000000762e900000) (1024K)]
  0x000001f63e181190 WorkerThread "GC Thread#1"                     [id=12136, stack(0x0000007630000000,0x0000007630100000) (1024K)]
  0x000001f63e6269a0 WorkerThread "GC Thread#2"                     [id=10024, stack(0x0000007630100000,0x0000007630200000) (1024K)]
  0x000001f63e61d090 WorkerThread "GC Thread#3"                     [id=25696, stack(0x0000007630200000,0x0000007630300000) (1024K)]
  0x000001f63e5c9840 WorkerThread "GC Thread#4"                     [id=23352, stack(0x0000007630300000,0x0000007630400000) (1024K)]
  0x000001f63e5c9be0 WorkerThread "GC Thread#5"                     [id=23460, stack(0x0000007630400000,0x0000007630500000) (1024K)]
  0x000001f63e5c94a0 WorkerThread "GC Thread#6"                     [id=24956, stack(0x000000762fd00000,0x000000762fe00000) (1024K)]
  0x000001f63e5c8d60 WorkerThread "GC Thread#7"                     [id=20596, stack(0x000000762fe00000,0x000000762ff00000) (1024K)]
  0x000001f63e5c8620 WorkerThread "GC Thread#8"                     [id=32076, stack(0x000000762ff00000,0x0000007630000000) (1024K)]
  0x000001f63fcc5b80 WorkerThread "GC Thread#9"                     [id=27908, stack(0x0000007631000000,0x0000007631100000) (1024K)]
  0x000001f63fcc5440 WorkerThread "GC Thread#10"                    [id=2828, stack(0x0000007631100000,0x0000007631200000) (1024K)]
  0x000001f63fcc50a0 WorkerThread "GC Thread#11"                    [id=27960, stack(0x0000007631200000,0x0000007631300000) (1024K)]
  0x000001f63fcc5f20 WorkerThread "GC Thread#12"                    [id=14076, stack(0x0000007631300000,0x0000007631400000) (1024K)]
  0x000001f63fcc62c0 WorkerThread "GC Thread#13"                    [id=10620, stack(0x0000007631400000,0x0000007631500000) (1024K)]
  0x000001f63fcc2c60 WorkerThread "GC Thread#14"                    [id=16064, stack(0x0000007631500000,0x0000007631600000) (1024K)]
  0x000001f620c4be50 ConcurrentGCThread "G1 Main Marker"            [id=25928, stack(0x000000762e900000,0x000000762ea00000) (1024K)]
  0x000001f620c4de40 WorkerThread "G1 Conc#0"                       [id=3588, stack(0x000000762ea00000,0x000000762eb00000) (1024K)]
  0x000001f63fcc33a0 WorkerThread "G1 Conc#1"                       [id=3116, stack(0x0000007631600000,0x0000007631700000) (1024K)]
  0x000001f63fcc57e0 WorkerThread "G1 Conc#2"                       [id=16312, stack(0x0000007631700000,0x0000007631800000) (1024K)]
  0x000001f63fcc6660 WorkerThread "G1 Conc#3"                       [id=31136, stack(0x0000007631800000,0x0000007631900000) (1024K)]
  0x000001f638870200 ConcurrentGCThread "G1 Refine#0"               [id=13664, stack(0x000000762eb00000,0x000000762ec00000) (1024K)]
  0x000001f638870a20 ConcurrentGCThread "G1 Service"                [id=17744, stack(0x000000762ec00000,0x000000762ed00000) (1024K)]
Total: 24

Threads with active compile tasks:
C2 CompilerThread0  4842 4507   !   4       java.net.URLClassLoader::findClass (47 bytes)
C2 CompilerThread3  4842 4502       4       java.net.URLClassLoader$1::run (5 bytes)
C2 CompilerThread4  4842 4503   !   4       java.net.URLClassLoader$1::run (81 bytes)
Total: 3

VM state: not at safepoint (normal execution)

VM Mutex/Monitor currently owned by a thread: None

Heap address: 0x0000000080000000, size: 2048 MB, Compressed Oops mode: 32-bit

CDS archive(s) not mapped
Compressed class space mapped at: 0x0000000100000000-0x0000000140000000, reserved size: 1073741824
Narrow klass base: 0x0000000000000000, Narrow klass shift: 3, Narrow klass range: 0x140000000

GC Precious Log:
 CardTable entry size: 512
 Card Set container configuration: InlinePtr #cards 5 size 8 Array Of Cards #cards 12 size 40 Howl #buckets 4 coarsen threshold 1843 Howl Bitmap #cards 512 size 80 coarsen threshold 460 Card regions per heap region 1 cards per card region 2048
 CPUs: 20 total, 20 available
 Memory: 16108M
 Large Page Support: Disabled
 NUMA Support: Disabled
 Compressed Oops: Enabled (32-bit)
 Heap Region Size: 1M
 Heap Min Capacity: 8M
 Heap Initial Capacity: 252M
 Heap Max Capacity: 2G
 Pre-touch: Disabled
 Parallel Workers: 15
 Concurrent Workers: 4
 Concurrent Refinement Workers: 15
 Periodic GC: Disabled

Heap:
 garbage-first heap   total 82944K, used 34264K [0x0000000080000000, 0x0000000100000000)
  region size 1024K, 9 young (9216K), 6 survivors (6144K)
 Metaspace       used 47150K, committed 48384K, reserved 1114112K
  class space    used 6303K, committed 6912K, reserved 1048576K

Heap Regions: E=young(eden), S=young(survivor), O=old, HS=humongous(starts), HC=humongous(continues), CS=collection set, F=free, TAMS=top-at-mark-start, PB=parsable bottom
|   0|0x0000000080000000, 0x0000000080100000, 0x0000000080100000|100%|HS|  |TAMS 0x0000000080000000| PB 0x0000000080000000| Complete 
|   1|0x0000000080100000, 0x0000000080200000, 0x0000000080200000|100%|HC|  |TAMS 0x0000000080100000| PB 0x0000000080100000| Complete 
|   2|0x0000000080200000, 0x0000000080300000, 0x0000000080300000|100%|HC|  |TAMS 0x0000000080200000| PB 0x0000000080200000| Complete 
|   3|0x0000000080300000, 0x0000000080400000, 0x0000000080400000|100%| O|  |TAMS 0x0000000080300000| PB 0x0000000080300000| Untracked 
|   4|0x0000000080400000, 0x0000000080500000, 0x0000000080500000|100%| O|  |TAMS 0x0000000080400000| PB 0x0000000080400000| Untracked 
|   5|0x0000000080500000, 0x0000000080600000, 0x0000000080600000|100%| O|  |TAMS 0x0000000080500000| PB 0x0000000080500000| Untracked 
|   6|0x0000000080600000, 0x0000000080700000, 0x0000000080700000|100%|HS|  |TAMS 0x0000000080600000| PB 0x0000000080600000| Complete 
|   7|0x0000000080700000, 0x0000000080800000, 0x0000000080800000|100%| O|  |TAMS 0x0000000080700000| PB 0x0000000080700000| Untracked 
|   8|0x0000000080800000, 0x0000000080900000, 0x0000000080900000|100%| O|  |TAMS 0x0000000080800000| PB 0x0000000080800000| Untracked 
|   9|0x0000000080900000, 0x0000000080a00000, 0x0000000080a00000|100%| O|  |TAMS 0x0000000080900000| PB 0x0000000080900000| Untracked 
|  10|0x0000000080a00000, 0x0000000080b00000, 0x0000000080b00000|100%| O|  |TAMS 0x0000000080a00000| PB 0x0000000080a00000| Untracked 
|  11|0x0000000080b00000, 0x0000000080c00000, 0x0000000080c00000|100%| O|  |TAMS 0x0000000080b00000| PB 0x0000000080b00000| Untracked 
|  12|0x0000000080c00000, 0x0000000080d00000, 0x0000000080d00000|100%| O|  |TAMS 0x0000000080c00000| PB 0x0000000080c00000| Untracked 
|  13|0x0000000080d00000, 0x0000000080e00000, 0x0000000080e00000|100%| O|  |TAMS 0x0000000080d00000| PB 0x0000000080d00000| Untracked 
|  14|0x0000000080e00000, 0x0000000080f00000, 0x0000000080f00000|100%| O|  |TAMS 0x0000000080e00000| PB 0x0000000080e00000| Untracked 
|  15|0x0000000080f00000, 0x0000000081000000, 0x0000000081000000|100%| O|  |TAMS 0x0000000080f00000| PB 0x0000000080f00000| Untracked 
|  16|0x0000000081000000, 0x0000000081100000, 0x0000000081100000|100%| O|  |TAMS 0x0000000081000000| PB 0x0000000081000000| Untracked 
|  17|0x0000000081100000, 0x0000000081200000, 0x0000000081200000|100%| O|  |TAMS 0x0000000081100000| PB 0x0000000081100000| Untracked 
|  18|0x0000000081200000, 0x0000000081300000, 0x0000000081300000|100%| O|  |TAMS 0x0000000081200000| PB 0x0000000081200000| Untracked 
|  19|0x0000000081300000, 0x0000000081300000, 0x0000000081400000|  0%| F|  |TAMS 0x0000000081300000| PB 0x0000000081300000| Untracked 
|  20|0x0000000081400000, 0x0000000081500000, 0x0000000081500000|100%| O|  |TAMS 0x0000000081400000| PB 0x0000000081400000| Untracked 
|  21|0x0000000081500000, 0x0000000081600000, 0x0000000081600000|100%| O|  |TAMS 0x0000000081500000| PB 0x0000000081500000| Untracked 
|  22|0x0000000081600000, 0x0000000081700000, 0x0000000081700000|100%| O|  |TAMS 0x0000000081600000| PB 0x0000000081600000| Untracked 
|  23|0x0000000081700000, 0x0000000081800000, 0x0000000081800000|100%| O|  |TAMS 0x0000000081700000| PB 0x0000000081700000| Untracked 
|  24|0x0000000081800000, 0x0000000081900000, 0x0000000081900000|100%| O|  |TAMS 0x0000000081800000| PB 0x0000000081800000| Untracked 
|  25|0x0000000081900000, 0x0000000081a00000, 0x0000000081a00000|100%| O|  |TAMS 0x0000000081900000| PB 0x0000000081900000| Untracked 
|  26|0x0000000081a00000, 0x0000000081a76190, 0x0000000081b00000| 46%| O|  |TAMS 0x0000000081a00000| PB 0x0000000081a00000| Untracked 
|  27|0x0000000081b00000, 0x0000000081b00000, 0x0000000081c00000|  0%| F|  |TAMS 0x0000000081b00000| PB 0x0000000081b00000| Untracked 
|  28|0x0000000081c00000, 0x0000000081c00000, 0x0000000081d00000|  0%| F|  |TAMS 0x0000000081c00000| PB 0x0000000081c00000| Untracked 
|  29|0x0000000081d00000, 0x0000000081d00000, 0x0000000081e00000|  0%| F|  |TAMS 0x0000000081d00000| PB 0x0000000081d00000| Untracked 
|  30|0x0000000081e00000, 0x0000000081e00000, 0x0000000081f00000|  0%| F|  |TAMS 0x0000000081e00000| PB 0x0000000081e00000| Untracked 
|  31|0x0000000081f00000, 0x0000000081f00000, 0x0000000082000000|  0%| F|  |TAMS 0x0000000081f00000| PB 0x0000000081f00000| Untracked 
|  32|0x0000000082000000, 0x0000000082000000, 0x0000000082100000|  0%| F|  |TAMS 0x0000000082000000| PB 0x0000000082000000| Untracked 
|  33|0x0000000082100000, 0x0000000082100000, 0x0000000082200000|  0%| F|  |TAMS 0x0000000082100000| PB 0x0000000082100000| Untracked 
|  34|0x0000000082200000, 0x0000000082300000, 0x0000000082300000|100%| S|CS|TAMS 0x0000000082200000| PB 0x0000000082200000| Complete 
|  35|0x0000000082300000, 0x0000000082400000, 0x0000000082400000|100%| S|CS|TAMS 0x0000000082300000| PB 0x0000000082300000| Complete 
|  36|0x0000000082400000, 0x0000000082500000, 0x0000000082500000|100%| S|CS|TAMS 0x0000000082400000| PB 0x0000000082400000| Complete 
|  37|0x0000000082500000, 0x0000000082600000, 0x0000000082600000|100%| S|CS|TAMS 0x0000000082500000| PB 0x0000000082500000| Complete 
|  38|0x0000000082600000, 0x0000000082700000, 0x0000000082700000|100%| S|CS|TAMS 0x0000000082600000| PB 0x0000000082600000| Complete 
|  39|0x0000000082700000, 0x0000000082800000, 0x0000000082800000|100%| S|CS|TAMS 0x0000000082700000| PB 0x0000000082700000| Complete 
|  40|0x0000000082800000, 0x0000000082800000, 0x0000000082900000|  0%| F|  |TAMS 0x0000000082800000| PB 0x0000000082800000| Untracked 
|  41|0x0000000082900000, 0x0000000082900000, 0x0000000082a00000|  0%| F|  |TAMS 0x0000000082900000| PB 0x0000000082900000| Untracked 
|  42|0x0000000082a00000, 0x0000000082a00000, 0x0000000082b00000|  0%| F|  |TAMS 0x0000000082a00000| PB 0x0000000082a00000| Untracked 
|  43|0x0000000082b00000, 0x0000000082b00000, 0x0000000082c00000|  0%| F|  |TAMS 0x0000000082b00000| PB 0x0000000082b00000| Untracked 
|  44|0x0000000082c00000, 0x0000000082c00000, 0x0000000082d00000|  0%| F|  |TAMS 0x0000000082c00000| PB 0x0000000082c00000| Untracked 
|  45|0x0000000082d00000, 0x0000000082d00000, 0x0000000082e00000|  0%| F|  |TAMS 0x0000000082d00000| PB 0x0000000082d00000| Untracked 
|  46|0x0000000082e00000, 0x0000000082e00000, 0x0000000082f00000|  0%| F|  |TAMS 0x0000000082e00000| PB 0x0000000082e00000| Untracked 
|  47|0x0000000082f00000, 0x0000000082f00000, 0x0000000083000000|  0%| F|  |TAMS 0x0000000082f00000| PB 0x0000000082f00000| Untracked 
|  48|0x0000000083000000, 0x0000000083000000, 0x0000000083100000|  0%| F|  |TAMS 0x0000000083000000| PB 0x0000000083000000| Untracked 
|  49|0x0000000083100000, 0x0000000083100000, 0x0000000083200000|  0%| F|  |TAMS 0x0000000083100000| PB 0x0000000083100000| Untracked 
|  50|0x0000000083200000, 0x0000000083200000, 0x0000000083300000|  0%| F|  |TAMS 0x0000000083200000| PB 0x0000000083200000| Untracked 
|  51|0x0000000083300000, 0x0000000083300000, 0x0000000083400000|  0%| F|  |TAMS 0x0000000083300000| PB 0x0000000083300000| Untracked 
|  52|0x0000000083400000, 0x0000000083400000, 0x0000000083500000|  0%| F|  |TAMS 0x0000000083400000| PB 0x0000000083400000| Untracked 
|  53|0x0000000083500000, 0x0000000083500000, 0x0000000083600000|  0%| F|  |TAMS 0x0000000083500000| PB 0x0000000083500000| Untracked 
|  54|0x0000000083600000, 0x0000000083600000, 0x0000000083700000|  0%| F|  |TAMS 0x0000000083600000| PB 0x0000000083600000| Untracked 
|  55|0x0000000083700000, 0x0000000083700000, 0x0000000083800000|  0%| F|  |TAMS 0x0000000083700000| PB 0x0000000083700000| Untracked 
|  56|0x0000000083800000, 0x0000000083800000, 0x0000000083900000|  0%| F|  |TAMS 0x0000000083800000| PB 0x0000000083800000| Untracked 
|  57|0x0000000083900000, 0x0000000083900000, 0x0000000083a00000|  0%| F|  |TAMS 0x0000000083900000| PB 0x0000000083900000| Untracked 
|  58|0x0000000083a00000, 0x0000000083a00000, 0x0000000083b00000|  0%| F|  |TAMS 0x0000000083a00000| PB 0x0000000083a00000| Untracked 
|  59|0x0000000083b00000, 0x0000000083b00000, 0x0000000083c00000|  0%| F|  |TAMS 0x0000000083b00000| PB 0x0000000083b00000| Untracked 
|  60|0x0000000083c00000, 0x0000000083c00000, 0x0000000083d00000|  0%| F|  |TAMS 0x0000000083c00000| PB 0x0000000083c00000| Untracked 
|  61|0x0000000083d00000, 0x0000000083d00000, 0x0000000083e00000|  0%| F|  |TAMS 0x0000000083d00000| PB 0x0000000083d00000| Untracked 
|  62|0x0000000083e00000, 0x0000000083e00000, 0x0000000083f00000|  0%| F|  |TAMS 0x0000000083e00000| PB 0x0000000083e00000| Untracked 
|  63|0x0000000083f00000, 0x0000000083f00000, 0x0000000084000000|  0%| F|  |TAMS 0x0000000083f00000| PB 0x0000000083f00000| Untracked 
|  64|0x0000000084000000, 0x0000000084000000, 0x0000000084100000|  0%| F|  |TAMS 0x0000000084000000| PB 0x0000000084000000| Untracked 
|  65|0x0000000084100000, 0x0000000084100000, 0x0000000084200000|  0%| F|  |TAMS 0x0000000084100000| PB 0x0000000084100000| Untracked 
|  66|0x0000000084200000, 0x0000000084200000, 0x0000000084300000|  0%| F|  |TAMS 0x0000000084200000| PB 0x0000000084200000| Untracked 
|  67|0x0000000084300000, 0x0000000084300000, 0x0000000084400000|  0%| F|  |TAMS 0x0000000084300000| PB 0x0000000084300000| Untracked 
|  68|0x0000000084400000, 0x0000000084400000, 0x0000000084500000|  0%| F|  |TAMS 0x0000000084400000| PB 0x0000000084400000| Untracked 
|  69|0x0000000084500000, 0x0000000084500000, 0x0000000084600000|  0%| F|  |TAMS 0x0000000084500000| PB 0x0000000084500000| Untracked 
|  70|0x0000000084600000, 0x0000000084600000, 0x0000000084700000|  0%| F|  |TAMS 0x0000000084600000| PB 0x0000000084600000| Untracked 
| 220|0x000000008dc00000, 0x000000008dc00000, 0x000000008dd00000|  0%| F|  |TAMS 0x000000008dc00000| PB 0x000000008dc00000| Untracked 
| 221|0x000000008dd00000, 0x000000008dd00000, 0x000000008de00000|  0%| F|  |TAMS 0x000000008dd00000| PB 0x000000008dd00000| Untracked 
| 222|0x000000008de00000, 0x000000008de00000, 0x000000008df00000|  0%| F|  |TAMS 0x000000008de00000| PB 0x000000008de00000| Untracked 
| 223|0x000000008df00000, 0x000000008df00000, 0x000000008e000000|  0%| F|  |TAMS 0x000000008df00000| PB 0x000000008df00000| Untracked 
| 224|0x000000008e000000, 0x000000008e000000, 0x000000008e100000|  0%| F|  |TAMS 0x000000008e000000| PB 0x000000008e000000| Untracked 
| 225|0x000000008e100000, 0x000000008e100000, 0x000000008e200000|  0%| F|  |TAMS 0x000000008e100000| PB 0x000000008e100000| Untracked 
| 226|0x000000008e200000, 0x000000008e200000, 0x000000008e300000|  0%| F|  |TAMS 0x000000008e200000| PB 0x000000008e200000| Untracked 
| 227|0x000000008e300000, 0x000000008e3de758, 0x000000008e400000| 86%| E|  |TAMS 0x000000008e300000| PB 0x000000008e300000| Complete 
| 228|0x000000008e400000, 0x000000008e500000, 0x000000008e500000|100%| E|CS|TAMS 0x000000008e400000| PB 0x000000008e400000| Complete 
| 251|0x000000008fb00000, 0x000000008fc00000, 0x000000008fc00000|100%| E|CS|TAMS 0x000000008fb00000| PB 0x000000008fb00000| Complete 

Card table byte_map: [0x000001f633be0000,0x000001f633fe0000] _byte_map_base: 0x000001f6337e0000

Marking Bits: (CMBitMap*) 0x000001f620c3ad60
 Bits: [0x000001f633fe0000, 0x000001f635fe0000)

Polling page: 0x000001f61e850000

Metaspace:

Usage:
  Non-class:     39.91 MB used.
      Class:      6.16 MB used.
       Both:     46.07 MB used.

Virtual space:
  Non-class space:       64.00 MB reserved,      40.50 MB ( 63%) committed,  1 nodes.
      Class space:        1.00 GB reserved,       6.75 MB ( <1%) committed,  1 nodes.
             Both:        1.06 GB reserved,      47.25 MB (  4%) committed. 

Chunk freelists:
   Non-Class:  7.00 MB
       Class:  9.27 MB
        Both:  16.27 MB

MaxMetaspaceSize: unlimited
CompressedClassSpaceSize: 1.00 GB
Initial GC threshold: 21.00 MB
Current GC threshold: 58.69 MB
CDS: off
 - commit_granule_bytes: 65536.
 - commit_granule_words: 8192.
 - virtual_space_node_default_size: 8388608.
 - enlarge_chunks_in_place: 1.
 - use_allocation_guard: 0.


Internal statistics:

num_allocs_failed_limit: 6.
num_arena_births: 2180.
num_arena_deaths: 0.
num_vsnodes_births: 2.
num_vsnodes_deaths: 0.
num_space_committed: 756.
num_space_uncommitted: 0.
num_chunks_returned_to_freelist: 6.
num_chunks_taken_from_freelist: 3870.
num_chunk_merges: 6.
num_chunk_splits: 2502.
num_chunks_enlarged: 1557.
num_inconsistent_stats: 0.

CodeHeap 'non-profiled nmethods': size=119168Kb used=2357Kb max_used=2357Kb free=116810Kb
 bounds [0x000001f62b8d0000, 0x000001f62bb40000, 0x000001f632d30000]
CodeHeap 'profiled nmethods': size=119104Kb used=8126Kb max_used=8126Kb free=110977Kb
 bounds [0x000001f623d30000, 0x000001f624520000, 0x000001f62b180000]
CodeHeap 'non-nmethods': size=7488Kb used=3591Kb max_used=3638Kb free=3897Kb
 bounds [0x000001f62b180000, 0x000001f62b510000, 0x000001f62b8d0000]
 total_blobs=4875 nmethods=4181 adapters=595
 compilation: enabled
              stopped_count=0, restarted_count=0
 full_count=0

Compilation events (20 events):
Event: 3.756 Thread 0x000001f639603290 nmethod 4551 0x000001f6244fdf10 code [0x000001f6244fe0c0, 0x000001f6244fe218]
Event: 3.756 Thread 0x000001f6396259f0 nmethod 4552 0x000001f6244fe310 code [0x000001f6244fe4e0, 0x000001f6244fe898]
Event: 3.756 Thread 0x000001f6396324c0 nmethod 4550 0x000001f6244fe990 code [0x000001f6244feba0, 0x000001f6244ff1b8]
Event: 3.760 Thread 0x000001f6396324c0 4553       3       com.google.common.cache.LocalCache::expiresAfterWrite (15 bytes)
Event: 3.760 Thread 0x000001f6396324c0 nmethod 4553 0x000001f6244ff490 code [0x000001f6244ff620, 0x000001f6244ff788]
Event: 3.764 Thread 0x000001f6396324c0 4555       3       java.util.concurrent.atomic.AtomicReferenceArray::length (6 bytes)
Event: 3.765 Thread 0x000001f6396324c0 nmethod 4555 0x000001f6244ff810 code [0x000001f6244ff9a0, 0x000001f6244ffab8]
Event: 3.766 Thread 0x000001f63e1871a0 4556       4       com.google.common.io.CountingInputStream::read (33 bytes)
Event: 3.769 Thread 0x000001f6396324c0 4560       3       java.io.BufferedInputStream::implRead (112 bytes)
Event: 3.769 Thread 0x000001f6396324c0 nmethod 4560 0x000001f6244ffb90 code [0x000001f6244ffdc0, 0x000001f6245004f0]
Event: 3.773 Thread 0x000001f63e1871a0 nmethod 4556 0x000001f62bb09e90 code [0x000001f62bb0a0a0, 0x000001f62bb0a860]
Event: 3.773 Thread 0x000001f63e1871a0 4557   !   4       java.io.BufferedInputStream::read (69 bytes)
Event: 3.780 Thread 0x000001f6396259f0 4562       3       java.lang.invoke.VarHandleReferences$FieldInstanceReadWrite::weakCompareAndSet (48 bytes)
Event: 3.781 Thread 0x000001f6396259f0 nmethod 4562 0x000001f624500710 code [0x000001f624500980, 0x000001f624501350]
Event: 3.788 Thread 0x000001f639448a20 4563       3       com.google.common.collect.Hashing::smearedHash (16 bytes)
Event: 3.788 Thread 0x000001f639448a20 nmethod 4563 0x000001f624501710 code [0x000001f6245018e0, 0x000001f624501b10]
Event: 3.789 Thread 0x000001f6396259f0 4565       3       java.util.concurrent.ConcurrentLinkedQueue::poll (84 bytes)
Event: 3.789 Thread 0x000001f639603290 4566       3       java.util.concurrent.ConcurrentLinkedQueue::updateHead (26 bytes)
Event: 3.791 Thread 0x000001f639448a20 4567       3       java.util.concurrent.atomic.AtomicReferenceArray::get (12 bytes)
Event: 3.791 Thread 0x000001f6396324c0 4568       3       java.lang.invoke.VarHandleGuards::guard_LI_L (89 bytes)

GC Heap History (18 events):
Event: 0.412 GC heap before
{Heap before GC invocations=0 (full 0):
 garbage-first heap   total 258048K, used 23552K [0x0000000080000000, 0x0000000100000000)
  region size 1024K, 23 young (23552K), 0 survivors (0K)
 Metaspace       used 8060K, committed 8192K, reserved 1114112K
  class space    used 714K, committed 768K, reserved 1048576K
}
Event: 0.414 GC heap after
{Heap after GC invocations=1 (full 0):
 garbage-first heap   total 258048K, used 2608K [0x0000000080000000, 0x0000000100000000)
  region size 1024K, 3 young (3072K), 3 survivors (3072K)
 Metaspace       used 8060K, committed 8192K, reserved 1114112K
  class space    used 714K, committed 768K, reserved 1048576K
}
Event: 1.013 GC heap before
{Heap before GC invocations=1 (full 0):
 garbage-first heap   total 258048K, used 41520K [0x0000000080000000, 0x0000000100000000)
  region size 1024K, 39 young (39936K), 3 survivors (3072K)
 Metaspace       used 12277K, committed 12480K, reserved 1114112K
  class space    used 1278K, committed 1408K, reserved 1048576K
}
Event: 1.018 GC heap after
{Heap after GC invocations=2 (full 0):
 garbage-first heap   total 258048K, used 10490K [0x0000000080000000, 0x0000000100000000)
  region size 1024K, 5 young (5120K), 5 survivors (5120K)
 Metaspace       used 12277K, committed 12480K, reserved 1114112K
  class space    used 1278K, committed 1408K, reserved 1048576K
}
Event: 1.473 GC heap before
{Heap before GC invocations=2 (full 0):
 garbage-first heap   total 258048K, used 62714K [0x0000000080000000, 0x0000000100000000)
  region size 1024K, 54 young (55296K), 5 survivors (5120K)
 Metaspace       used 14888K, committed 15168K, reserved 1114112K
  class space    used 1602K, committed 1728K, reserved 1048576K
}
Event: 1.477 GC heap after
{Heap after GC invocations=3 (full 0):
 garbage-first heap   total 258048K, used 17881K [0x0000000080000000, 0x0000000100000000)
  region size 1024K, 7 young (7168K), 7 survivors (7168K)
 Metaspace       used 14888K, committed 15168K, reserved 1114112K
  class space    used 1602K, committed 1728K, reserved 1048576K
}
Event: 1.788 GC heap before
{Heap before GC invocations=3 (full 0):
 garbage-first heap   total 258048K, used 40409K [0x0000000080000000, 0x0000000100000000)
  region size 1024K, 30 young (30720K), 7 survivors (7168K)
 Metaspace       used 21140K, committed 21504K, reserved 1114112K
  class space    used 2418K, committed 2560K, reserved 1048576K
}
Event: 1.791 GC heap after
{Heap after GC invocations=4 (full 0):
 garbage-first heap   total 258048K, used 19938K [0x0000000080000000, 0x0000000100000000)
  region size 1024K, 9 young (9216K), 9 survivors (9216K)
 Metaspace       used 21140K, committed 21504K, reserved 1114112K
  class space    used 2418K, committed 2560K, reserved 1048576K
}
Event: 2.367 GC heap before
{Heap before GC invocations=5 (full 0):
 garbage-first heap   total 71680K, used 69090K [0x0000000080000000, 0x0000000100000000)
  region size 1024K, 58 young (59392K), 9 survivors (9216K)
 Metaspace       used 29215K, committed 29824K, reserved 1114112K
  class space    used 3700K, committed 3968K, reserved 1048576K
}
Event: 2.371 GC heap after
{Heap after GC invocations=6 (full 0):
 garbage-first heap   total 82944K, used 22908K [0x0000000080000000, 0x0000000100000000)
  region size 1024K, 11 young (11264K), 11 survivors (11264K)
 Metaspace       used 29215K, committed 29824K, reserved 1114112K
  class space    used 3700K, committed 3968K, reserved 1048576K
}
Event: 2.740 GC heap before
{Heap before GC invocations=6 (full 0):
 garbage-first heap   total 82944K, used 59772K [0x0000000080000000, 0x0000000100000000)
  region size 1024K, 48 young (49152K), 11 survivors (11264K)
 Metaspace       used 34223K, committed 35072K, reserved 1114112K
  class space    used 4546K, committed 4992K, reserved 1048576K
}
Event: 2.744 GC heap after
{Heap after GC invocations=7 (full 0):
 garbage-first heap   total 82944K, used 25648K [0x0000000080000000, 0x0000000100000000)
  region size 1024K, 6 young (6144K), 6 survivors (6144K)
 Metaspace       used 34223K, committed 35072K, reserved 1114112K
  class space    used 4546K, committed 4992K, reserved 1048576K
}
Event: 2.812 GC heap before
{Heap before GC invocations=7 (full 0):
 garbage-first heap   total 82944K, used 32816K [0x0000000080000000, 0x0000000100000000)
  region size 1024K, 14 young (14336K), 6 survivors (6144K)
 Metaspace       used 35152K, committed 35968K, reserved 1114112K
  class space    used 4671K, committed 5120K, reserved 1048576K
}
Event: 2.815 GC heap after
{Heap after GC invocations=8 (full 0):
 garbage-first heap   total 82944K, used 26095K [0x0000000080000000, 0x0000000100000000)
  region size 1024K, 4 young (4096K), 4 survivors (4096K)
 Metaspace       used 35152K, committed 35968K, reserved 1114112K
  class space    used 4671K, committed 5120K, reserved 1048576K
}
Event: 3.289 GC heap before
{Heap before GC invocations=9 (full 0):
 garbage-first heap   total 82944K, used 69103K [0x0000000080000000, 0x0000000100000000)
  region size 1024K, 47 young (48128K), 4 survivors (4096K)
 Metaspace       used 41136K, committed 42304K, reserved 1114112K
  class space    used 5635K, committed 6208K, reserved 1048576K
}
Event: 3.292 GC heap after
{Heap after GC invocations=10 (full 0):
 garbage-first heap   total 82944K, used 28266K [0x0000000080000000, 0x0000000100000000)
  region size 1024K, 6 young (6144K), 6 survivors (6144K)
 Metaspace       used 41136K, committed 42304K, reserved 1114112K
  class space    used 5635K, committed 6208K, reserved 1048576K
}
Event: 3.782 GC heap before
{Heap before GC invocations=10 (full 0):
 garbage-first heap   total 82944K, used 69226K [0x0000000080000000, 0x0000000100000000)
  region size 1024K, 47 young (48128K), 6 survivors (6144K)
 Metaspace       used 46815K, committed 48064K, reserved 1114112K
  class space    used 6232K, committed 6848K, reserved 1048576K
}
Event: 3.786 GC heap after
{Heap after GC invocations=11 (full 0):
 garbage-first heap   total 82944K, used 32216K [0x0000000080000000, 0x0000000100000000)
  region size 1024K, 6 young (6144K), 6 survivors (6144K)
 Metaspace       used 46815K, committed 48064K, reserved 1114112K
  class space    used 6232K, committed 6848K, reserved 1048576K
}

Dll operation events (3 events):
Event: 0.008 Loaded shared library D:\biancheng\Android Studio\jbr\bin\java.dll
Event: 0.013 Loaded shared library D:\biancheng\Android Studio\jbr\bin\zip.dll
Event: 0.486 Loaded shared library D:\biancheng\Android Studio\jbr\bin\verify.dll

Deoptimization events (20 events):
Event: 3.767 Thread 0x000001f63fcf0790 DEOPT PACKING pc=0x000001f62b9dbfac sp=0x0000007631bfe110
Event: 3.767 Thread 0x000001f63fcf0790 DEOPT UNPACKING pc=0x000001f62b1d46a2 sp=0x0000007631bfe0d8 mode 2
Event: 3.769 Thread 0x000001f63fcf0790 Uncommon trap: trap_request=0xffffffc6 fr.pc=0x000001f62b9dbfac relative=0x0000000000000bac
Event: 3.769 Thread 0x000001f63fcf0790 Uncommon trap: reason=bimorphic_or_optimized_type_check action=maybe_recompile pc=0x000001f62b9dbfac method=java.io.BufferedInputStream.implRead([BII)I @ 100 c2
Event: 3.769 Thread 0x000001f63fcf0790 DEOPT PACKING pc=0x000001f62b9dbfac sp=0x0000007631bfe110
Event: 3.769 Thread 0x000001f63fcf0790 DEOPT UNPACKING pc=0x000001f62b1d46a2 sp=0x0000007631bfe0d8 mode 2
Event: 3.772 Thread 0x000001f63fd35720 DEOPT PACKING pc=0x000001f624340da2 sp=0x0000007630cf7010
Event: 3.772 Thread 0x000001f63fd35720 DEOPT UNPACKING pc=0x000001f62b1d4e42 sp=0x0000007630cf6520 mode 0
Event: 4.526 Thread 0x000001f63f9f2c00 Uncommon trap: trap_request=0xffffffc6 fr.pc=0x000001f62b97892c relative=0x000000000000016c
Event: 4.792 Thread 0x000001f63f9f2c00 Uncommon trap: reason=bimorphic_or_optimized_type_check action=maybe_recompile pc=0x000001f62b97892c method=java.util.stream.ReferencePipeline.forEachWithCancel(Ljava/util/Spliterator;Ljava/util/stream/Sink;)Z @ 1 c2
Event: 4.792 Thread 0x000001f63f9f2c00 DEOPT PACKING pc=0x000001f62b97892c sp=0x00000076305fea30
Event: 4.792 Thread 0x000001f63f9f2c00 DEOPT UNPACKING pc=0x000001f62b1d46a2 sp=0x00000076305fe9b0 mode 2
Event: 4.792 Thread 0x000001f63f9f2c00 Uncommon trap: trap_request=0xffffffc6 fr.pc=0x000001f62baf7af8 relative=0x00000000000000b8
Event: 4.792 Thread 0x000001f63f9f2c00 Uncommon trap: reason=bimorphic_or_optimized_type_check action=maybe_recompile pc=0x000001f62baf7af8 method=java.util.stream.Sink$ChainedReference.cancellationRequested()Z @ 4 c2
Event: 4.792 Thread 0x000001f63f9f2c00 DEOPT PACKING pc=0x000001f62baf7af8 sp=0x00000076305fe9c0
Event: 4.792 Thread 0x000001f63f9f2c00 DEOPT UNPACKING pc=0x000001f62b1d46a2 sp=0x00000076305fe950 mode 2
Event: 4.792 Thread 0x000001f63f9f2c00 Uncommon trap: trap_request=0xffffffc6 fr.pc=0x000001f62baf7af8 relative=0x00000000000000b8
Event: 4.792 Thread 0x000001f63f9f2c00 Uncommon trap: reason=bimorphic_or_optimized_type_check action=maybe_recompile pc=0x000001f62baf7af8 method=java.util.stream.Sink$ChainedReference.cancellationRequested()Z @ 4 c2
Event: 4.792 Thread 0x000001f63f9f2c00 DEOPT PACKING pc=0x000001f62baf7af8 sp=0x00000076305fe9c0
Event: 4.792 Thread 0x000001f63f9f2c00 DEOPT UNPACKING pc=0x000001f62b1d46a2 sp=0x00000076305fe950 mode 2

Classes loaded (20 events):
Event: 3.590 Loading class java/util/function/BooleanSupplier
Event: 3.590 Loading class java/util/function/BooleanSupplier done
Event: 3.590 Loading class jdk/internal/jimage/ImageReader$Resource
Event: 3.590 Loading class jdk/internal/jimage/ImageReader$Resource done
Event: 3.654 Loading class java/util/WeakHashMap$KeyIterator
Event: 3.654 Loading class java/util/WeakHashMap$HashIterator
Event: 3.654 Loading class java/util/WeakHashMap$HashIterator done
Event: 3.654 Loading class java/util/WeakHashMap$KeyIterator done
Event: 3.681 Loading class java/security/CodeSigner
Event: 3.681 Loading class java/security/CodeSigner done
Event: 3.683 Loading class sun/nio/fs/WindowsPath$1
Event: 3.683 Loading class sun/nio/fs/WindowsPath$1 done
Event: 3.684 Loading class sun/nio/fs/WindowsException
Event: 3.684 Loading class sun/nio/fs/WindowsException done
Event: 3.703 Loading class java/io/StringReader
Event: 3.703 Loading class java/io/StringReader done
Event: 3.708 Loading class java/math/MutableBigInteger
Event: 3.709 Loading class java/math/MutableBigInteger done
Event: 3.754 Loading class java/nio/charset/CharacterCodingException
Event: 3.754 Loading class java/nio/charset/CharacterCodingException done

Classes unloaded (0 events):
No events

Classes redefined (0 events):
No events

Internal exceptions (20 events):
Event: 3.453 Thread 0x000001f63fd35720 Exception <a 'java/lang/ClassNotFoundException'{0x000000008dc08b00}: groovy/lang/ExpandoMetaClassBeanInfo> (0x000000008dc08b00) 
thrown [s\src\hotspot\share\classfile\systemDictionary.cpp, line 312]
Event: 3.453 Thread 0x000001f63fd35720 Exception <a 'java/lang/ClassNotFoundException'{0x000000008dc10e38}: groovy/lang/MetaClassImplBeanInfo> (0x000000008dc10e38) 
thrown [s\src\hotspot\share\classfile\systemDictionary.cpp, line 312]
Event: 3.453 Thread 0x000001f63fd35720 Exception <a 'java/lang/ClassNotFoundException'{0x000000008dc157e0}: java/lang/ObjectBeanInfo> (0x000000008dc157e0) 
thrown [s\src\hotspot\share\classfile\systemDictionary.cpp, line 312]
Event: 3.454 Thread 0x000001f63fd35720 Exception <a 'java/lang/ClassNotFoundException'{0x000000008dc1b1d8}: java/lang/ObjectCustomizer> (0x000000008dc1b1d8) 
thrown [s\src\hotspot\share\classfile\systemDictionary.cpp, line 312]
Event: 3.456 Thread 0x000001f63fd35720 Exception <a 'java/lang/IncompatibleClassChangeError'{0x000000008dc295e8}: Found class java.lang.Object, but interface was expected> (0x000000008dc295e8) 
thrown [s\src\hotspot\share\interpreter\linkResolver.cpp, line 851]
Event: 3.458 Thread 0x000001f63fd35720 Exception <a 'java/lang/ClassNotFoundException'{0x000000008dc434d0}: groovy/lang/MetaClassImplCustomizer> (0x000000008dc434d0) 
thrown [s\src\hotspot\share\classfile\systemDictionary.cpp, line 312]
Event: 3.460 Thread 0x000001f63fd35720 Exception <a 'java/lang/ClassNotFoundException'{0x000000008dc6b540}: groovy/lang/ExpandoMetaClassCustomizer> (0x000000008dc6b540) 
thrown [s\src\hotspot\share\classfile\systemDictionary.cpp, line 312]
Event: 3.658 Thread 0x000001f63fd35720 Exception <a 'java/lang/ClassNotFoundException'{0x0000000082d61498}: org/gradle/internal/extensibility/DefaultExtraPropertiesExtensionBeanInfo> (0x0000000082d61498) 
thrown [s\src\hotspot\share\classfile\systemDictionary.cpp, line 312]
Event: 3.658 Thread 0x000001f63fd35720 Exception <a 'java/lang/ClassNotFoundException'{0x0000000082d69900}: groovy/lang/GroovyObjectSupportBeanInfo> (0x0000000082d69900) 
thrown [s\src\hotspot\share\classfile\systemDictionary.cpp, line 312]
Event: 3.658 Thread 0x000001f63fd35720 Exception <a 'java/lang/ClassNotFoundException'{0x0000000082d71d70}: groovy/lang/GroovyObjectSupportCustomizer> (0x0000000082d71d70) 
thrown [s\src\hotspot\share\classfile\systemDictionary.cpp, line 312]
Event: 3.661 Thread 0x000001f63fd35720 Exception <a 'java/lang/ClassNotFoundException'{0x0000000082d8bf90}: org/gradle/internal/extensibility/DefaultExtraPropertiesExtensionCustomizer> (0x0000000082d8bf90) 
thrown [s\src\hotspot\share\classfile\systemDictionary.cpp, line 312]
Event: 3.664 Thread 0x000001f63fd35720 Exception <a 'java/lang/IncompatibleClassChangeError'{0x0000000082da6ba8}: Found class java.lang.Object, but interface was expected> (0x0000000082da6ba8) 
thrown [s\src\hotspot\share\interpreter\linkResolver.cpp, line 851]
Event: 3.684 Thread 0x000001f63fd35720 Exception <a 'sun/nio/fs/WindowsException'{0x0000000082c769c8}> (0x0000000082c769c8) 
thrown [s\src\hotspot\share\prims\jni.cpp, line 535]
Event: 3.686 Thread 0x000001f63fd35720 Exception <a 'sun/nio/fs/WindowsException'{0x0000000082c77ef0}> (0x0000000082c77ef0) 
thrown [s\src\hotspot\share\prims\jni.cpp, line 535]
Event: 3.688 Thread 0x000001f63fd35720 Exception <a 'sun/nio/fs/WindowsException'{0x0000000082c793c0}> (0x0000000082c793c0) 
thrown [s\src\hotspot\share\prims\jni.cpp, line 535]
Event: 3.690 Thread 0x000001f63fd35720 Exception <a 'sun/nio/fs/WindowsException'{0x0000000082c7a8b0}> (0x0000000082c7a8b0) 
thrown [s\src\hotspot\share\prims\jni.cpp, line 535]
Event: 3.721 Thread 0x000001f63fd35720 Exception <a 'java/lang/IncompatibleClassChangeError'{0x0000000082bd3000}: Found class java.lang.Object, but interface was expected> (0x0000000082bd3000) 
thrown [s\src\hotspot\share\interpreter\linkResolver.cpp, line 851]
Event: 3.739 Thread 0x000001f63fd35720 Exception <a 'java/lang/NoSuchMethodError'{0x0000000082abc418}: 'java.lang.Object java.lang.invoke.DirectMethodHandle$Holder.newInvokeSpecial(java.lang.Object, java.lang.Object, long)'> (0x0000000082abc418) 
thrown [s\src\hotspot\share\interpreter\linkResolver.cpp, line 784]
Event: 3.739 Thread 0x000001f63fd35720 Exception <a 'java/lang/NoSuchMethodError'{0x0000000082ac0a40}: 'java.lang.Object java.lang.invoke.Invokers$Holder.linkToTargetMethod(java.lang.Object, long, java.lang.Object)'> (0x0000000082ac0a40) 
thrown [s\src\hotspot\share\interpreter\linkResolver.cpp, line 784]
Event: 3.747 Thread 0x000001f63fcefa70 Implicit null exception at 0x000001f62b957bcf to 0x000001f62b957f4c

ZGC Phase Switch (0 events):
No events

VM Operations (20 events):
Event: 3.368 Executing VM operation: HandshakeAllThreads (Deoptimize)
Event: 3.369 Executing VM operation: HandshakeAllThreads (Deoptimize) done
Event: 3.516 Executing VM operation: HandshakeAllThreads (Deoptimize)
Event: 3.516 Executing VM operation: HandshakeAllThreads (Deoptimize) done
Event: 3.517 Executing VM operation: HandshakeAllThreads (Deoptimize)
Event: 3.517 Executing VM operation: HandshakeAllThreads (Deoptimize) done
Event: 3.522 Executing VM operation: HandshakeAllThreads (Deoptimize)
Event: 3.522 Executing VM operation: HandshakeAllThreads (Deoptimize) done
Event: 3.589 Executing VM operation: HandshakeAllThreads (Deoptimize)
Event: 3.589 Executing VM operation: HandshakeAllThreads (Deoptimize) done
Event: 3.658 Executing VM operation: ICBufferFull
Event: 3.659 Executing VM operation: ICBufferFull done
Event: 3.724 Executing VM operation: HandshakeAllThreads (Deoptimize)
Event: 3.725 Executing VM operation: HandshakeAllThreads (Deoptimize) done
Event: 3.745 Executing VM operation: HandshakeAllThreads (Deoptimize)
Event: 3.745 Executing VM operation: HandshakeAllThreads (Deoptimize) done
Event: 3.782 Executing VM operation: G1CollectForAllocation (G1 Evacuation Pause)
Event: 3.786 Executing VM operation: G1CollectForAllocation (G1 Evacuation Pause) done
Event: 4.792 Executing VM operation: Cleanup
Event: 4.792 Executing VM operation: Cleanup done

Memory protections (0 events):
No events

Nmethod flushes (20 events):
Event: 2.821 Thread 0x000001f639391260 flushing  nmethod 0x000001f623dcdd10
Event: 2.821 Thread 0x000001f639391260 flushing  nmethod 0x000001f623dce590
Event: 2.821 Thread 0x000001f639391260 flushing  nmethod 0x000001f623dcf510
Event: 2.821 Thread 0x000001f639391260 flushing  nmethod 0x000001f623e04890
Event: 2.821 Thread 0x000001f639391260 flushing  nmethod 0x000001f623e05990
Event: 2.821 Thread 0x000001f639391260 flushing  nmethod 0x000001f623e06a10
Event: 2.821 Thread 0x000001f639391260 flushing  nmethod 0x000001f623e07c10
Event: 2.821 Thread 0x000001f639391260 flushing  nmethod 0x000001f623e08110
Event: 2.821 Thread 0x000001f639391260 flushing  nmethod 0x000001f623e09f10
Event: 2.821 Thread 0x000001f639391260 flushing  nmethod 0x000001f623e0ca10
Event: 2.821 Thread 0x000001f639391260 flushing  nmethod 0x000001f623eaea90
Event: 2.821 Thread 0x000001f639391260 flushing  nmethod 0x000001f623eb0090
Event: 2.821 Thread 0x000001f639391260 flushing  nmethod 0x000001f623eb0710
Event: 2.821 Thread 0x000001f639391260 flushing  nmethod 0x000001f623eb3d90
Event: 2.821 Thread 0x000001f639391260 flushing  nmethod 0x000001f623fb8c10
Event: 2.821 Thread 0x000001f639391260 flushing  nmethod 0x000001f623fb9790
Event: 2.821 Thread 0x000001f639391260 flushing  nmethod 0x000001f623fbc610
Event: 2.821 Thread 0x000001f639391260 flushing  nmethod 0x000001f623ffa110
Event: 2.821 Thread 0x000001f639391260 flushing  nmethod 0x000001f624007f10
Event: 2.821 Thread 0x000001f639391260 flushing  nmethod 0x000001f624081490

Events (20 events):
Event: 1.737 Thread 0x000001f63fd659b0 Thread added: 0x000001f63fd20840
Event: 1.742 Thread 0x000001f63fd659b0 Thread added: 0x000001f63fd35720
Event: 1.750 Thread 0x000001f63fd35720 Thread added: 0x000001f63fcf5400
Event: 1.753 Thread 0x000001f63fd35720 Thread added: 0x000001f63fcf14b0
Event: 1.754 Thread 0x000001f63fd35720 Thread added: 0x000001f63fcf1b40
Event: 2.049 Thread 0x000001f63fd35720 Thread added: 0x000001f63fcefa70
Event: 2.055 Thread 0x000001f63fd35720 Thread added: 0x000001f63fcf21d0
Event: 2.071 Thread 0x000001f63fd35720 Thread added: 0x000001f63fcf0790
Event: 2.446 Thread 0x000001f63fd35720 Thread added: 0x000001f63fcf2860
Event: 2.511 Thread 0x000001f6396259f0 Thread added: 0x000001f642c58860
Event: 2.609 Thread 0x000001f63fd35720 Thread added: 0x000001f63fcf0100
Event: 2.618 Thread 0x000001f63fd35720 Thread added: 0x000001f63fcef3e0
Event: 2.718 Thread 0x000001f63fd35720 Thread added: 0x000001f63fcf0e20
Event: 2.720 Thread 0x000001f63fd35720 Thread added: 0x000001f64018f7b0
Event: 2.896 Thread 0x000001f63fd35720 Thread added: 0x000001f64018fe40
Event: 3.015 Thread 0x000001f63fd35720 Thread added: 0x000001f64018ea90
Event: 3.092 Thread 0x000001f63fd35720 Thread added: 0x000001f64018dd70
Event: 3.538 Thread 0x000001f642c58860 Thread exited: 0x000001f642c58860
Event: 3.656 Thread 0x000001f639448a20 Thread added: 0x000001f642c58860
Event: 3.656 Thread 0x000001f639448a20 Thread added: 0x000001f640b05430


Dynamic libraries:
0x00007ff66a3b0000 - 0x00007ff66a3ba000 	D:\biancheng\Android Studio\jbr\bin\java.exe
0x00007fff6e060000 - 0x00007fff6e2c7000 	C:\WINDOWS\SYSTEM32\ntdll.dll
0x00007fff6ca20000 - 0x00007fff6cae9000 	C:\WINDOWS\System32\KERNEL32.DLL
0x00007fff6b740000 - 0x00007fff6bb34000 	C:\WINDOWS\System32\KERNELBASE.dll
0x00007fff6aa90000 - 0x00007fff6abdb000 	C:\WINDOWS\System32\ucrtbase.dll
0x00007fff66df0000 - 0x00007fff66e0b000 	D:\biancheng\Android Studio\jbr\bin\VCRUNTIME140.dll
0x00007fff523d0000 - 0x00007fff523e8000 	D:\biancheng\Android Studio\jbr\bin\jli.dll
0x00007fff6d660000 - 0x00007fff6d825000 	C:\WINDOWS\System32\USER32.dll
0x00007fff6bbd0000 - 0x00007fff6bbf7000 	C:\WINDOWS\System32\win32u.dll
0x00007fff6c5f0000 - 0x00007fff6c61b000 	C:\WINDOWS\System32\GDI32.dll
0x00007fff6bcc0000 - 0x00007fff6bdea000 	C:\WINDOWS\System32\gdi32full.dll
0x00007fff6a930000 - 0x00007fff6a9d3000 	C:\WINDOWS\System32\msvcp_win.dll
0x00007fff54650000 - 0x00007fff548e3000 	C:\WINDOWS\WinSxS\amd64_microsoft.windows.common-controls_6595b64144ccf1df_6.0.26100.8115_none_3e075c82e3354f9c\COMCTL32.dll
0x00007fff6caf0000 - 0x00007fff6cb99000 	C:\WINDOWS\System32\msvcrt.dll
0x00007fff6c620000 - 0x00007fff6c652000 	C:\WINDOWS\System32\IMM32.DLL
0x00007fff670d0000 - 0x00007fff670dc000 	D:\biancheng\Android Studio\jbr\bin\vcruntime140_1.dll
0x00007fff41100000 - 0x00007fff4118d000 	D:\biancheng\Android Studio\jbr\bin\msvcp140.dll
0x00007ffebb1f0000 - 0x00007ffebbe7b000 	D:\biancheng\Android Studio\jbr\bin\server\jvm.dll
0x00007fff6c380000 - 0x00007fff6c436000 	C:\WINDOWS\System32\ADVAPI32.dll
0x00007fff6c660000 - 0x00007fff6c707000 	C:\WINDOWS\System32\sechost.dll
0x00007fff6d540000 - 0x00007fff6d658000 	C:\WINDOWS\System32\RPCRT4.dll
0x00007fff6c450000 - 0x00007fff6c4d0000 	C:\WINDOWS\System32\WS2_32.dll
0x00007fff6a790000 - 0x00007fff6a7ee000 	C:\WINDOWS\SYSTEM32\POWRPROF.dll
0x00007fff60d60000 - 0x00007fff60d96000 	C:\WINDOWS\SYSTEM32\WINMM.dll
0x00007fff54980000 - 0x00007fff5498b000 	C:\WINDOWS\SYSTEM32\VERSION.dll
0x00007fff6a770000 - 0x00007fff6a784000 	C:\WINDOWS\SYSTEM32\UMPDC.dll
0x00007fff696c0000 - 0x00007fff696db000 	C:\WINDOWS\SYSTEM32\kernel.appcore.dll
0x00007fff67040000 - 0x00007fff6704a000 	D:\biancheng\Android Studio\jbr\bin\jimage.dll
0x00007fff67d90000 - 0x00007fff67fd2000 	C:\WINDOWS\SYSTEM32\DBGHELP.DLL
0x00007fff6d850000 - 0x00007fff6dbd2000 	C:\WINDOWS\System32\combase.dll
0x00007fff6d3d0000 - 0x00007fff6d4a7000 	C:\WINDOWS\System32\OLEAUT32.dll
0x00007fff4e890000 - 0x00007fff4e8cb000 	C:\WINDOWS\SYSTEM32\dbgcore.DLL
0x00007fff6a9e0000 - 0x00007fff6aa85000 	C:\WINDOWS\System32\bcryptPrimitives.dll
0x00007fff57110000 - 0x00007fff5711e000 	D:\biancheng\Android Studio\jbr\bin\instrument.dll
0x00007fff66d80000 - 0x00007fff66da0000 	D:\biancheng\Android Studio\jbr\bin\java.dll
0x00007fff66cf0000 - 0x00007fff66d08000 	D:\biancheng\Android Studio\jbr\bin\zip.dll
0x00007fff6cc60000 - 0x00007fff6d3c6000 	C:\WINDOWS\System32\SHELL32.dll
0x00007fff6b450000 - 0x00007fff6b5ba000 	C:\WINDOWS\System32\wintypes.dll
0x00007fff6abe0000 - 0x00007fff6b445000 	C:\WINDOWS\System32\windows.storage.dll
0x00007fff6c280000 - 0x00007fff6c377000 	C:\WINDOWS\System32\SHCORE.dll
0x00007fff6de10000 - 0x00007fff6de76000 	C:\WINDOWS\System32\shlwapi.dll
0x00007fff6a850000 - 0x00007fff6a879000 	C:\WINDOWS\SYSTEM32\profapi.dll
0x00007fff58220000 - 0x00007fff58230000 	D:\biancheng\Android Studio\jbr\bin\net.dll
0x00007fff64780000 - 0x00007fff648ad000 	C:\WINDOWS\SYSTEM32\WINHTTP.dll
0x00007fff69c30000 - 0x00007fff69c9c000 	C:\WINDOWS\system32\mswsock.dll
0x00007fff581d0000 - 0x00007fff581e6000 	D:\biancheng\Android Studio\jbr\bin\nio.dll
0x00007fff670e0000 - 0x00007fff670f0000 	D:\biancheng\Android Studio\jbr\bin\verify.dll
0x00007fff55c10000 - 0x00007fff55c37000 	C:\Users\lilili\.gradle\native\c067742578af261105cb4f569cf0c3c89f3d7b1fecec35dd04571415982c5e48\windows-amd64\native-platform.dll
0x00007fff1e610000 - 0x00007fff1e754000 	C:\Users\lilili\.gradle\native\100fb08df4bc3b14c8652ba06237920a3bd2aa13389f12d3474272988ae205f9\windows-amd64\native-platform-file-events.dll
0x00007fff581c0000 - 0x00007fff581c9000 	D:\biancheng\Android Studio\jbr\bin\management.dll
0x00007fff58160000 - 0x00007fff5816b000 	D:\biancheng\Android Studio\jbr\bin\management_ext.dll
0x00007fff6c830000 - 0x00007fff6c838000 	C:\WINDOWS\System32\PSAPI.DLL
0x00007fff69f10000 - 0x00007fff69f2b000 	C:\WINDOWS\SYSTEM32\CRYPTSP.dll
0x00007fff69620000 - 0x00007fff69659000 	C:\WINDOWS\system32\rsaenh.dll
0x00007fff69ce0000 - 0x00007fff69d13000 	C:\WINDOWS\SYSTEM32\USERENV.dll
0x00007fff6a820000 - 0x00007fff6a84a000 	C:\WINDOWS\SYSTEM32\bcrypt.dll
0x00007fff69f30000 - 0x00007fff69f3c000 	C:\WINDOWS\SYSTEM32\CRYPTBASE.dll
0x00007fff69210000 - 0x00007fff69242000 	C:\WINDOWS\SYSTEM32\IPHLPAPI.DLL
0x00007fff6c710000 - 0x00007fff6c71a000 	C:\WINDOWS\System32\NSI.dll
0x00007fff58210000 - 0x00007fff58219000 	D:\biancheng\Android Studio\jbr\bin\extnet.dll
0x00007fff31510000 - 0x00007fff31518000 	C:\WINDOWS\system32\wshunix.dll

dbghelp: loaded successfully - version: 4.0.5 - missing functions: none
symbol engine: initialized successfully - sym options: 0x614 - pdb path: .;D:\biancheng\Android Studio\jbr\bin;C:\WINDOWS\SYSTEM32;C:\WINDOWS\WinSxS\amd64_microsoft.windows.common-controls_6595b64144ccf1df_6.0.26100.8115_none_3e075c82e3354f9c;D:\biancheng\Android Studio\jbr\bin\server;C:\Users\lilili\.gradle\native\c067742578af261105cb4f569cf0c3c89f3d7b1fecec35dd04571415982c5e48\windows-amd64;C:\Users\lilili\.gradle\native\100fb08df4bc3b14c8652ba06237920a3bd2aa13389f12d3474272988ae205f9\windows-amd64

VM Arguments:
jvm_args: --add-opens=java.base/java.lang=ALL-UNNAMED --add-opens=java.base/java.lang.invoke=ALL-UNNAMED --add-opens=java.base/java.util=ALL-UNNAMED --add-opens=java.prefs/java.util.prefs=ALL-UNNAMED --add-exports=jdk.compiler/com.sun.tools.javac.api=ALL-UNNAMED --add-exports=jdk.compiler/com.sun.tools.javac.util=ALL-UNNAMED --add-opens=java.base/java.util=ALL-UNNAMED --add-opens=java.prefs/java.util.prefs=ALL-UNNAMED --add-opens=java.base/java.nio.charset=ALL-UNNAMED --add-opens=java.base/java.net=ALL-UNNAMED --add-opens=java.base/java.util.concurrent.atomic=ALL-UNNAMED --add-opens=java.xml/javax.xml.namespace=ALL-UNNAMED -Xmx2048m -Dfile.encoding=UTF-8 -Duser.country=CN -Duser.language=zh -Duser.variant -javaagent:C:\Users\lilili\.gradle\wrapper\dists\gradle-8.11.1-bin\bpt9gzteqjrbo1mjrsomdt32c\gradle-8.11.1\lib\agents\gradle-instrumentation-agent-8.11.1.jar 
java_command: org.gradle.launcher.daemon.bootstrap.GradleDaemon 8.11.1
java_class_path (initial): C:\Users\lilili\.gradle\wrapper\dists\gradle-8.11.1-bin\bpt9gzteqjrbo1mjrsomdt32c\gradle-8.11.1\lib\gradle-daemon-main-8.11.1.jar
Launcher Type: SUN_STANDARD

[Global flags]
     intx CICompilerCount                          = 12                                        {product} {ergonomic}
     uint ConcGCThreads                            = 4                                         {product} {ergonomic}
     uint G1ConcRefinementThreads                  = 15                                        {product} {ergonomic}
   size_t G1HeapRegionSize                         = 1048576                                   {product} {ergonomic}
    uintx GCDrainStackTargetSize                   = 64                                        {product} {ergonomic}
   size_t InitialHeapSize                          = 264241152                                 {product} {ergonomic}
   size_t MarkStackSize                            = 4194304                                   {product} {ergonomic}
   size_t MaxHeapSize                              = 2147483648                                {product} {command line}
   size_t MaxNewSize                               = 1287651328                                {product} {ergonomic}
   size_t MinHeapDeltaBytes                        = 1048576                                   {product} {ergonomic}
   size_t MinHeapSize                              = 8388608                                   {product} {ergonomic}
    uintx NonNMethodCodeHeapSize                   = 7602480                                {pd product} {ergonomic}
    uintx NonProfiledCodeHeapSize                  = 122027880                              {pd product} {ergonomic}
    uintx ProfiledCodeHeapSize                     = 122027880                              {pd product} {ergonomic}
    uintx ReservedCodeCacheSize                    = 251658240                              {pd product} {ergonomic}
     bool SegmentedCodeCache                       = true                                      {product} {ergonomic}
   size_t SoftMaxHeapSize                          = 2147483648                             {manageable} {ergonomic}
     bool UseCompressedOops                        = true                           {product lp64_product} {ergonomic}
     bool UseG1GC                                  = true                                      {product} {ergonomic}
     bool UseLargePagesIndividualAllocation        = false                                  {pd product} {ergonomic}

Logging:
Log output configuration:
 #0: stdout all=warning uptime,level,tags foldmultilines=false
 #1: stderr all=off uptime,level,tags foldmultilines=false

Environment Variables:
JAVA_HOME=D:\biancheng\Java_jdk\jdk
PATH=D:\WINDOWS.X64_193000_db_home\bin;D:\biancheng\VMware Workstation17\bin\;C:\Program Files\Common Files\Oracle\Java\javapath;C:\WINDOWS\system32;C:\WINDOWS;C:\WINDOWS\System32\Wbem;C:\WINDOWS\System32\WindowsPowerShell\v1.0\;C:\WINDOWS\System32\OpenSSH\;D:\biancheng\Java_jdk\jdk\bin;D:\biancheng\Microsoft VS Code\bin;E:\MySQL\mysql-8.0.31-winx64\bin;D:\biancheng\Tomact\apache-tomcat-9.0.73\bin;D:\biancheng\Maven\apache-maven-3.8.8\bin;D:\biancheng\Git\Git\cmd;D:\biancheng\python_tools\tesseract\Tesseract-OCR;D:\nvm;D:\nodejs;d:\cursor\cursor\resources\app\bin;D:\Xftp 8\;D:\Xshell 8\;D:\biancheng\PE\PyCharm Community Edition 2022.2.3\bin;D:\biancheng\python±ČČü»ú\Scripts\;D:\biancheng\python±ČČü»ú\;D:\biancheng\python\Scripts\;C:\Users\lilili\AppData\Local\Microsoft\WindowsApps;D:\Microsoft VS Code\bin;D:\biancheng\python_tools\tesseract\Tesseract-OCR;D:\biancheng\python;E:\Redis;D:\biancheng\Flutter\flutter\bin;C:\Users\lilili\AppData\Local\JetBrains\Toolbox\scripts;D:\biancheng\PyCharm\PyCharm 2020.1.3\bin;;%DevEco Studio%;C:\Users\lilili\AppData\Local\Microsoft\WindowsApps;D:\nvm;D:\nodejs;D:\cursor\cursor\resources\app\bin;E:\kotlinc\bin;
USERNAME=lilili
OS=Windows_NT
PROCESSOR_IDENTIFIER=Intel64 Family 6 Model 154 Stepping 3, GenuineIntel
TMP=C:\Users\lilili\AppData\Local\Temp
TEMP=C:\Users\lilili\AppData\Local\Temp




Periodic native trim disabled

JNI global refs:
JNI global refs: 33, weak refs: 0

JNI global refs memory usage: 835, weak refs: 833

Process memory usage:
Resident Set Size: 289772K (1% of 16495096K total physical memory with 6730788K free physical memory)

OOME stack traces (most recent first):
Classloader memory used:
Loader org.gradle.internal.classloader.VisitableURLClassLoader                         : 21359K
Loader bootstrap                                                                       : 20956K
Loader org.gradle.initialization.MixInLegacyTypesClassLoader                           : 4188K
Loader jdk.internal.loader.ClassLoaders$PlatformClassLoader                            : 540K
Loader jdk.internal.loader.ClassLoaders$AppClassLoader                                 : 234K
Loader org.gradle.groovy.scripts.internal.DefaultScriptCompilationHandler$ScriptClassLoader: 6240B

Classes loaded by more than one classloader:
Class org.gradle.internal.classloader.FilteringClassLoader                            : loaded 2 times (x 101B)
Class org.gradle.internal.classloader.ClassLoaderHierarchy                            : loaded 2 times (x 66B)
Class org.gradle.api.internal.classpath.ManifestUtil                                  : loaded 2 times (x 67B)
Class org.gradle.internal.classloader.DefaultClassLoaderFactory                       : loaded 2 times (x 78B)
Class org.gradle.internal.classloader.ClassLoaderVisitor                              : loaded 2 times (x 72B)
Class org.gradle.api.internal.classpath.EffectiveClassPath                            : loaded 2 times (x 86B)
Class org.gradle.api.internal.DefaultClassPathProvider                                : loaded 2 times (x 72B)
Class [Lorg.gradle.api.internal.ClassPathProvider;                                    : loaded 2 times (x 65B)
Class org.gradle.api.internal.ClassPathProvider                                       : loaded 2 times (x 66B)
Class org.gradle.internal.service.UnknownServiceException                             : loaded 2 times (x 79B)
Class org.gradle.internal.classpath.TransformedClassPath                              : loaded 2 times (x 92B)
Class org.gradle.internal.classloader.InstrumentingClassLoader                        : loaded 2 times (x 66B)
Class org.gradle.internal.service.ServiceLocator                                      : loaded 2 times (x 66B)
Class org.gradle.internal.InternalTransformer                                         : loaded 2 times (x 66B)
Class org.gradle.internal.classloader.ClasspathUtil$1                                 : loaded 2 times (x 72B)
Class org.gradle.api.internal.classpath.DefaultModuleRegistry$DefaultModule           : loaded 2 times (x 82B)
Class org.gradle.api.internal.classpath.Module                                        : loaded 2 times (x 66B)
Class org.gradle.api.internal.classpath.UnknownModuleException                        : loaded 2 times (x 78B)
Class org.gradle.api.internal.DefaultClassPathRegistry                                : loaded 2 times (x 72B)
Class org.gradle.api.internal.ClassPathRegistry                                       : loaded 2 times (x 66B)
Class org.gradle.internal.classpath.DefaultClassPath$ImmutableUniqueList              : loaded 2 times (x 195B)
Class org.gradle.internal.classpath.ClassPath                                         : loaded 2 times (x 66B)
Class org.gradle.api.UncheckedIOException                                             : loaded 2 times (x 78B)
Class org.gradle.internal.installation.GradleInstallation$1                           : loaded 2 times (x 71B)
Class org.gradle.api.internal.classpath.ModuleRegistry                                : loaded 2 times (x 66B)
Class org.gradle.api.internal.classpath.DefaultModuleRegistry                         : loaded 2 times (x 82B)
Class org.gradle.internal.service.ServiceLookupException                              : loaded 2 times (x 78B)
Class org.gradle.internal.classloader.ClassLoaderFactory                              : loaded 2 times (x 66B)
Class org.gradle.internal.service.CachingServiceLocator                               : loaded 2 times (x 78B)
Class org.gradle.internal.classloader.ClasspathUtil                                   : loaded 2 times (x 67B)
Class org.gradle.api.specs.Spec                                                       : loaded 2 times (x 66B)
Class org.gradle.internal.classloader.VisitableURLClassLoader$InstrumentingVisitableURLClassLoader: loaded 2 times (x 119B)
Class org.gradle.internal.classloader.VisitableURLClassLoader$Spec                    : loaded 2 times (x 70B)
Class org.gradle.internal.classpath.DefaultClassPath                                  : loaded 2 times (x 86B)
Class org.gradle.internal.classloader.ClassLoaderSpec                                 : loaded 2 times (x 67B)
Class org.gradle.internal.classloader.VisitableURLClassLoader                         : loaded 2 times (x 113B)
Class org.gradle.internal.Cast                                                        : loaded 2 times (x 67B)
Class org.gradle.api.Action                                                           : loaded 2 times (x 66B)
Class org.gradle.internal.classpath.DefaultClassPath$ImmutableUniqueList$Builder      : loaded 2 times (x 71B)
Class org.gradle.api.GradleException                                                  : loaded 2 times (x 78B)
Class org.gradle.internal.IoActions                                                   : loaded 2 times (x 67B)
Class org.gradle.internal.classloader.SystemClassLoaderSpec                           : loaded 2 times (x 67B)
Class org.gradle.api.internal.classpath.GlobalCacheRootsProvider                      : loaded 2 times (x 66B)
Class org.gradle.internal.installation.CurrentGradleInstallationLocator               : loaded 2 times (x 67B)
Class org.gradle.internal.service.DefaultServiceLocator                               : loaded 2 times (x 79B)
Class org.gradle.internal.installation.CurrentGradleInstallation                      : loaded 2 times (x 69B)
Class org.gradle.util.internal.GUtil                                                  : loaded 2 times (x 67B)
Class org.gradle.internal.installation.GradleInstallation                             : loaded 2 times (x 71B)

---------------  S Y S T E M  ---------------

OS:
 Windows 11 , 64 bit Build 26100 (10.0.26100.8115)
OS uptime: 6 days 18:25 hours

CPU: total 20 (initial active 20) (10 cores per cpu, 2 threads per core) family 6 model 154 stepping 3 microcode 0x424, cx8, cmov, fxsr, ht, mmx, 3dnowpref, sse, sse2, sse3, ssse3, sse4.1, sse4.2, popcnt, lzcnt, tsc, tscinvbit, avx, avx2, aes, erms, clmul, bmi1, bmi2, adx, sha, fma, vzeroupper, clflush, clflushopt, clwb, serialize, rdtscp, rdpid, fsrm, f16c, pku, cet_ibt, cet_ss
Processor Information for processor 0
  Max Mhz: 2300, Current Mhz: 2300, Mhz Limit: 2300
Processor Information for processor 1
  Max Mhz: 2300, Current Mhz: 2300, Mhz Limit: 2300
Processor Information for processor 2
  Max Mhz: 2300, Current Mhz: 2300, Mhz Limit: 2300
Processor Information for processor 3
  Max Mhz: 2300, Current Mhz: 2300, Mhz Limit: 2300
Processor Information for processor 4
  Max Mhz: 2300, Current Mhz: 2300, Mhz Limit: 2300
Processor Information for processor 5
  Max Mhz: 2300, Current Mhz: 2300, Mhz Limit: 2300
Processor Information for processor 6
  Max Mhz: 2300, Current Mhz: 1506, Mhz Limit: 2300
Processor Information for processor 7
  Max Mhz: 2300, Current Mhz: 2300, Mhz Limit: 2300
Processor Information for processor 8
  Max Mhz: 2300, Current Mhz: 2300, Mhz Limit: 2300
Processor Information for processor 9
  Max Mhz: 2300, Current Mhz: 2300, Mhz Limit: 2300
Processor Information for processor 10
  Max Mhz: 2300, Current Mhz: 2300, Mhz Limit: 2300
Processor Information for processor 11
  Max Mhz: 2300, Current Mhz: 2300, Mhz Limit: 2300
Processor Information for processor 12
  Max Mhz: 1700, Current Mhz: 1700, Mhz Limit: 1700
Processor Information for processor 13
  Max Mhz: 1700, Current Mhz: 1500, Mhz Limit: 1700
Processor Information for processor 14
  Max Mhz: 1700, Current Mhz: 1700, Mhz Limit: 1700
Processor Information for processor 15
  Max Mhz: 1700, Current Mhz: 1700, Mhz Limit: 1700
Processor Information for processor 16
  Max Mhz: 1700, Current Mhz: 1700, Mhz Limit: 1700
Processor Information for processor 17
  Max Mhz: 1700, Current Mhz: 1700, Mhz Limit: 1700
Processor Information for processor 18
  Max Mhz: 1700, Current Mhz: 1700, Mhz Limit: 1700
Processor Information for processor 19
  Max Mhz: 1700, Current Mhz: 1500, Mhz Limit: 1700

Memory: 4k page, system-wide physical 16108M (6570M free)
TotalPageFile size 29233M (AvailPageFile size 23M)
current process WorkingSet (physical memory assigned to process): 286M, peak: 287M
current process commit charge ("private bytes"): 337M, peak: 398M

vm_info: OpenJDK 64-Bit Server VM (21.0.6+-13368085-b895.109) for windows-amd64 JRE (21.0.6+-13368085-b895.109), built on 2025-04-16T17:01:31Z by "builder" with MS VC++ 16.10 / 16.11 (VS2019)

END.
